Using pre-set license
Built from '2020.3/staging' branch; Version is '2020.3.11f1 (99c7afb366b3) revision 10078127'; Using compiler version '192528614'; Build Type 'Release'
OS: 'Windows 10 Home; OS build 19042.985; Version 2009; 64bit' Language: 'de' Physical Memory: 32678 MB
BatchMode: 1, IsHumanControllingUs: 0, StartBugReporterOnCrash: 0, Is64bit: 1, IsPro: 0

 COMMAND LINE ARGUMENTS:
C:\Users\kaan_\Desktop\Persönlich\Batu Ordner\Schule\Unity\2020.3.11f1\Editor\Unity.exe
-adb2
-batchMode
-noUpm
-name
AssetImportWorker0
-projectPath
C:/Users/kaan_/Desktop/Persönlich/Batu Ordner/Schule/Unity/Terrain_GameEngine
-logFile
Logs/AssetImportWorker0.log
-srvPort
61822
Successfully changed project path to: C:/Users/kaan_/Desktop/Persönlich/Batu Ordner/Schule/Unity/Terrain_GameEngine
C:/Users/kaan_/Desktop/Persönlich/Batu Ordner/Schule/Unity/Terrain_GameEngine
Using Asset Import Pipeline V2.
Refreshing native plugins compatible for Editor in 25.02 ms, found 4 plugins.
Preloading 0 native plugins for Editor in 0.00 ms.
Initialize engine version: 2020.3.11f1 (99c7afb366b3)
[Subsystems] Discovering subsystems at path C:/Users/kaan_/Desktop/Persönlich/Batu Ordner/Schule/Unity/2020.3.11f1/Editor/Data/Resources/UnitySubsystems
[Subsystems] Discovering subsystems at path C:/Users/kaan_/Desktop/Persönlich/Batu Ordner/Schule/Unity/Terrain_GameEngine/Assets
GfxDevice: creating device client; threaded=0
Direct3D:
    Version:  Direct3D 11.0 [level 11.1]
    Renderer: NVIDIA GeForce RTX 3070 (ID=0x2484)
    Vendor:   
    VRAM:     8043 MB
    Driver:   27.21.14.6109
Initialize mono
Mono path[0] = 'C:/Users/kaan_/Desktop/Persönlich/Batu Ordner/Schule/Unity/2020.3.11f1/Editor/Data/Managed'
Mono path[1] = 'C:/Users/kaan_/Desktop/Persönlich/Batu Ordner/Schule/Unity/2020.3.11f1/Editor/Data/MonoBleedingEdge/lib/mono/unityjit'
Mono config path = 'C:/Users/kaan_/Desktop/Persönlich/Batu Ordner/Schule/Unity/2020.3.11f1/Editor/Data/MonoBleedingEdge/etc'
Using monoOptions --debugger-agent=transport=dt_socket,embedding=1,server=y,suspend=n,address=127.0.0.1:56508
Begin MonoManager ReloadAssembly
Registering precompiled unity dll's ...
Register platform support module: C:/Users/kaan_/Desktop/Persönlich/Batu Ordner/Schule/Unity/2020.3.11f1/Editor/Data/PlaybackEngines/WindowsStandaloneSupport/UnityEditor.WindowsStandalone.Extensions.dll
Registered in 0.001691 seconds.
Native extension for WindowsStandalone target not found
Refreshing native plugins compatible for Editor in 21.19 ms, found 4 plugins.
Preloading 0 native plugins for Editor in 0.00 ms.
Mono: successfully reloaded assembly
- Completed reload, in  0.838 seconds
Platform modules already initialized, skipping
Registering precompiled user dll's ...
Registered in 0.006752 seconds.
Begin MonoManager ReloadAssembly
Native extension for WindowsStandalone target not found
Refreshing native plugins compatible for Editor in 0.34 ms, found 4 plugins.
Preloading 0 native plugins for Editor in 0.00 ms.
Mono: successfully reloaded assembly
- Completed reload, in  0.784 seconds
Platform modules already initialized, skipping
========================================================================
Worker process is ready to serve import requests
Launched and connected shader compiler UnityShaderCompiler.exe after 0.03 seconds
Refreshing native plugins compatible for Editor in 0.32 ms, found 4 plugins.
Preloading 0 native plugins for Editor in 0.00 ms.
Unloading 1405 Unused Serialized files (Serialized files now loaded: 0)
System memory in use before: 65.6 MB.
System memory in use after: 65.7 MB.

Unloading 35 unused Assets to reduce memory usage. Loaded Objects now: 1864.
Total: 1.607200 ms (FindLiveObjects: 0.121800 ms CreateObjectMapping: 0.032800 ms MarkObjects: 1.404800 ms  DeleteObjects: 0.047100 ms)

========================================================================
Received Import Request.
  path: Assets/Scenes
  artifactKey: Guid(05eabc8bbf20ecd4a93f9e218e745d28) Importer(815301076,1909f56bfc062723c751e8b465ee728b)
Start importing Assets/Scenes using Guid(05eabc8bbf20ecd4a93f9e218e745d28) Importer(815301076,1909f56bfc062723c751e8b465ee728b)  -> (artifact id: 'b303d5f45988f5466b732a24cda63691') in 0.010901 seconds
  Import took 0.012602 seconds .

========================================================================
Received Import Request.
  Time since last request: 0.000227 seconds.
  path: Assets/Scenes/SampleScene.unity
  artifactKey: Guid(9fc0d4010bbf28b4594072e72b8655ab) Importer(815301076,1909f56bfc062723c751e8b465ee728b)
Start importing Assets/Scenes/SampleScene.unity using Guid(9fc0d4010bbf28b4594072e72b8655ab) Importer(815301076,1909f56bfc062723c751e8b465ee728b)  -> (artifact id: 'dcc088d1731b590f9572c6f2bab98c6a') in 0.013277 seconds
  Import took 0.014946 seconds .

========================================================================
Received Import Request.
  Time since last request: 4.609461 seconds.
  path: Assets/Plugins
  artifactKey: Guid(d1849a453f8ca4b4b8ff359d0906a3ab) Importer(815301076,1909f56bfc062723c751e8b465ee728b)
Start importing Assets/Plugins using Guid(d1849a453f8ca4b4b8ff359d0906a3ab) Importer(815301076,1909f56bfc062723c751e8b465ee728b)  -> (artifact id: '7df0810a26f4f9703ad8bc66ee4ede6d') in 0.007373 seconds
  Import took 0.009165 seconds .

========================================================================
Received Import Request.
  Time since last request: 1.260304 seconds.
  path: Assets/Plugins/GitHub
  artifactKey: Guid(a7dc235c473a25147ad63031d5a8f52c) Importer(815301076,1909f56bfc062723c751e8b465ee728b)
Start importing Assets/Plugins/GitHub using Guid(a7dc235c473a25147ad63031d5a8f52c) Importer(815301076,1909f56bfc062723c751e8b465ee728b)  -> (artifact id: '4208f44dd807a446c87610cb3a19b614') in 0.007603 seconds
  Import took 0.009515 seconds .

========================================================================
Received Import Request.
  Time since last request: 0.688547 seconds.
  path: Assets/Plugins/GitHub/Editor
  artifactKey: Guid(cad92998c5182496e8b989b406d9f156) Importer(815301076,1909f56bfc062723c751e8b465ee728b)
Start importing Assets/Plugins/GitHub/Editor using Guid(cad92998c5182496e8b989b406d9f156) Importer(815301076,1909f56bfc062723c751e8b465ee728b)  -> (artifact id: 'bd3468f81c2b820defcd7747d8f6410c') in 0.008454 seconds
  Import took 0.010410 seconds .

========================================================================
Received Import Request.
  Time since last request: 0.086760 seconds.
  path: Assets/Plugins/GitHub/Editor/big-logo@2x.png
  artifactKey: Guid(f81094832d834c64d93b198cb16b6a3e) Importer(815301076,1909f56bfc062723c751e8b465ee728b)
Start importing Assets/Plugins/GitHub/Editor/big-logo@2x.png using Guid(f81094832d834c64d93b198cb16b6a3e) Importer(815301076,1909f56bfc062723c751e8b465ee728b)  -> (artifact id: 'ec501d6f7839dafdd02eb9a07595026f') in 0.074929 seconds
  Import took 0.077028 seconds .

